<?xml version="1.0" encoding="UTF-8"?>
<testsuite xmlns:xsi="http://www.w3.org/2001/XMLSchema-instance" xsi:noNamespaceSchemaLocation="https://maven.apache.org/surefire/maven-surefire-plugin/xsd/surefire-test-report-3.0.xsd" version="3.0" name="com.areyes1.junitreport.service.JUnitReportServiceExampleTest" time="0.029" tests="4" errors="0" skipped="0" failures="0">
  <properties>
[...]
</properties>
  <testcase name="testAssertEqualsFalsePostProcessing" classname="com.areyes1.junitreport.service.JUnitReportServiceExampleTest" time="0.004">
    <system-out><![CDATA[>>> processing - started
>>> processing - done
]]></system-out>
  </testcase>
  <testcase name="testAssertEqualsFalse" classname="com.areyes1.junitreport.service.JUnitReportServiceExampleTest" time="0.001">
    <system-out><![CDATA[>>> processing - started
>>> processing - done
]]></system-out>
  </testcase>
  <testcase name="testPostProcessing" classname="com.areyes1.junitreport.service.JUnitReportServiceExampleTest" time="0.0">
    <system-out><![CDATA[>>> processing - started
>>> processing - done
]]></system-out>
  </testcase>
  <testcase name="setData" classname="com.areyes1.junitreport.service.JUnitReportServiceExampleTest" time="0.0"/>
</testsuite>